{"total": {"lines":{"total":26,"covered":26,"skipped":0,"pct":100},"statements":{"total":34,"covered":34,"skipped":0,"pct":100},"functions":{"total":4,"covered":4,"skipped":0,"pct":100},"branches":{"total":22,"covered":22,"skipped":0,"pct":100},"branchesTrue":{"total":0,"covered":0,"skipped":0,"pct":"Unknown"}}
,"C:\\Users\\MagdyI\\MyWork\\Reskilling\\Task4\\src\\components\\PostForm\\PostForm.tsx": {"lines":{"total":26,"covered":26,"skipped":0,"pct":100},"functions":{"total":4,"covered":4,"skipped":0,"pct":100},"statements":{"total":34,"covered":34,"skipped":0,"pct":100},"branches":{"total":22,"covered":22,"skipped":0,"pct":100}}
}
