{"total": {"lines":{"total":14,"covered":13,"skipped":0,"pct":92.85},"statements":{"total":18,"covered":17,"skipped":0,"pct":94.44},"functions":{"total":4,"covered":3,"skipped":0,"pct":75},"branches":{"total":5,"covered":5,"skipped":0,"pct":100},"branchesTrue":{"total":0,"covered":0,"skipped":0,"pct":"Unknown"}}
,"C:\\Users\\MagdyI\\MyWork\\Reskilling\\Task4\\src\\components\\PostCard\\PostCard.tsx": {"lines":{"total":14,"covered":13,"skipped":0,"pct":92.85},"functions":{"total":4,"covered":3,"skipped":0,"pct":75},"statements":{"total":18,"covered":17,"skipped":0,"pct":94.44},"branches":{"total":5,"covered":5,"skipped":0,"pct":100}}
}
