TN:
SF:src\components\PostForm\PostForm.tsx
FN:8,PostForm
FN:21,(anonymous_13)
FN:40,(anonymous_14)
FN:55,(anonymous_15)
FNF:4
FNH:4
FNDA:62,PostForm
FNDA:53,(anonymous_13)
FNDA:3,(anonymous_14)
FNDA:3,(anonymous_15)
DA:1,1
DA:2,1
DA:8,1
DA:9,62
DA:10,62
DA:12,62
DA:19,62
DA:21,62
DA:24,53
DA:25,53
DA:27,53
DA:32,53
DA:33,1
DA:40,62
DA:41,3
DA:43,3
DA:44,2
DA:47,3
DA:48,2
DA:51,3
DA:52,3
DA:55,62
DA:56,3
DA:58,3
DA:59,1
DA:63,62
LF:26
LH:26
BRDA:10,0,0,61
BRDA:10,0,1,1
BRDA:13,1,0,62
BRDA:13,1,1,61
BRDA:14,2,0,62
BRDA:14,2,1,61
BRDA:29,3,0,2
BRDA:29,3,1,51
BRDA:32,4,0,1
BRDA:43,5,0,2
BRDA:47,6,0,2
BRDA:58,7,0,1
BRDA:75,8,0,2
BRDA:75,8,1,60
BRDA:78,9,0,62
BRDA:78,9,1,2
BRDA:91,10,0,11
BRDA:91,10,1,51
BRDA:96,11,0,62
BRDA:96,11,1,11
BRDA:117,12,0,1
BRDA:117,12,1,61
BRF:22
BRH:22
end_of_record
